setting 'ivy.default.settings.dir' to 'jar:file:/D:/sbt/sbt-launch-0.7.7.jar!/org/apache/ivy/core/settings'
setting 'ivy.basedir' to 'D:\Coding\yabe-lift\.'
setting 'ivy.default.conf.dir' to 'jar:file:/D:/sbt/sbt-launch-0.7.7.jar!/org/apache/ivy/core/settings'
impossible to define new type: class not found: org.apache.ivy.plugins.version.PatternVersionMatcher in [] nor Ivy classloader
impossible to define new type: class not found: org.apache.ivy.plugins.trigger.LogTrigger in [] nor Ivy classloader
impossible to define new type: class not found: org.apache.ivy.plugins.resolver.VsftpResolver in [] nor Ivy classloader
impossible to define new type: class not found: org.apache.ivy.plugins.conflict.RegexpConflictManager in [] nor Ivy classloader
impossible to define new type: class not found: org.apache.ivy.plugins.resolver.SshResolver in [] nor Ivy classloader
impossible to define new type: class not found: org.apache.ivy.plugins.resolver.VfsResolver in [] nor Ivy classloader
impossible to define new type: class not found: org.apache.ivy.plugins.signer.bouncycastle.OpenPGPSignatureGenerator in [] nor Ivy classloader
impossible to define new type: class not found: org.apache.ivy.plugins.resolver.SFTPResolver in [] nor Ivy classloader
impossible to define new type: class not found: org.apache.ivy.plugins.resolver.packager.PackagerResolver in [] nor Ivy classloader
impossible to define new type: class not found: org.apache.ivy.ant.AntCallTrigger in [] nor Ivy classloader
impossible to define new type: class not found: org.apache.ivy.plugins.resolver.IvyRepResolver in [] nor Ivy classloader
impossible to define new type: class not found: org.apache.ivy.ant.AntBuildTrigger in [] nor Ivy classloader
impossible to define glob matcher: org.apache.ivy.plugins.matcher.GlobPatternMatcher was not found.
setting 'java.runtime.name' to 'Java(TM) SE Runtime Environment'
setting 'sun.boot.library.path' to 'C:\Program Files\Java\jre6\bin'
setting 'java.vm.version' to '17.1-b03'
setting 'java.vm.vendor' to 'Sun Microsystems Inc.'
setting 'java.vendor.url' to 'http://java.sun.com/'
setting 'path.separator' to ';'
setting 'java.vm.name' to 'Java HotSpot(TM) Client VM'
setting 'file.encoding.pkg' to 'sun.io'
setting 'sun.java.launcher' to 'SUN_STANDARD'
setting 'user.country' to 'HK'
setting 'sun.os.patch.level' to ''
setting 'java.vm.specification.name' to 'Java Virtual Machine Specification'
setting 'user.dir' to 'D:\Coding\yabe-lift'
setting 'java.runtime.version' to '1.6.0_22-b04'
setting 'java.awt.graphicsenv' to 'sun.awt.Win32GraphicsEnvironment'
setting 'java.endorsed.dirs' to 'C:\Program Files\Java\jre6\lib\endorsed'
setting 'os.arch' to 'x86'
setting 'com.zeroturnaround.bundled.org.apache.commons.logging.Log' to 'com.zeroturnaround.bundled.org.apache.commons.logging.impl.SimpleLog'
setting 'java.io.tmpdir' to 'C:\Users\CHARLI~1\AppData\Local\Temp\'
setting 'line.separator' to '
'
setting 'java.vm.specification.vendor' to 'Sun Microsystems Inc.'
setting 'user.variant' to ''
setting 'os.name' to 'Windows 7'
setting 'sun.jnu.encoding' to 'GBK'
setting 'java.library.path' to 'C:\Windows\system32;.;C:\Windows\Sun\Java\bin;C:\Windows\system32;C:\Windows;C:\Program Files\Common Files\Microsoft Shared\Windows Live;D:\Perl\site\bin;D:\Perl\bin;C:\Windows\system32;C:\Windows;C:\Windows\System32\Wbem;C:\Windows\System32\WindowsPowerShell\v1.0\;D:\scala-2.8.1.final\\bin;;C:\Program Files\Microsoft SQL Server\100\Tools\Binn\;C:\Program Files\Microsoft SQL Server\100\DTS\Binn\;d:\Program Files\Git\cmd;C:\Program Files\QuickTime\QTSystem\;C:\Program Files\Common Files\TTKN\Bin;C:\Program Files\Microsoft SQL Server\100\Tools\Binn\VSShell\Common7\IDE\;D:\Program Files\TortoiseSVN\bin;C:\Program Files\Microsoft ASP.NET\ASP.NET Web Pages\v1.0\;C:\Program Files\Windows Live\Shared;d:\Program Files\Tesseract-OCR;d:\Program Files\Tesseract-OCR\training;D:\glassfish3\jdk\bin;D:\Program Files\scalate-1.3.1\bin;D:\Program Files\apache-maven-3.0\bin;D:\Program Files\play-1.2;d:\Program Files\Bitvise Tunnelier;D:\Program Files\apache-ant-1.8.2\bin;D:\Program Files\Google\google_appengine\'
setting 'java.specification.name' to 'Java Platform API Specification'
setting 'java.class.version' to '50.0'
setting 'sun.management.compiler' to 'HotSpot Client Compiler'
setting 'os.version' to '6.1'
setting 'com.zeroturnaround.bundled.org.apache.commons.logging.simplelog.defaultlog' to 'off'
setting 'user.home' to 'C:\Users\charliechen'
setting 'user.timezone' to 'Asia/Shanghai'
setting 'java.awt.printerjob' to 'sun.awt.windows.WPrinterJob'
setting 'file.encoding' to 'MS950'
setting 'java.specification.version' to '1.6'
setting 'java.class.path' to 'D:\sbt\sbt-launch-0.7.7.jar;D:/jrebel/jrebel.jar'
setting 'user.name' to 'charliechen'
setting 'java.vm.specification.version' to '1.0'
setting 'java.home' to 'C:\Program Files\Java\jre6'
setting 'sun.arch.data.model' to '32'
setting 'user.language' to 'zh'
setting 'java.specification.vendor' to 'Sun Microsystems Inc.'
setting 'awt.toolkit' to 'sun.awt.windows.WToolkit'
setting 'java.vm.info' to 'mixed mode'
setting 'java.version' to '1.6.0_22'
setting 'java.ext.dirs' to 'C:\Program Files\Java\jre6\lib\ext;C:\Windows\Sun\Java\lib\ext'
setting 'sun.boot.class.path' to 'C:\Program Files\Java\jre6\lib\resources.jar;C:\Program Files\Java\jre6\lib\rt.jar;C:\Program Files\Java\jre6\lib\sunrsasign.jar;C:\Program Files\Java\jre6\lib\jsse.jar;C:\Program Files\Java\jre6\lib\jce.jar;C:\Program Files\Java\jre6\lib\charsets.jar;C:\Program Files\Java\jre6\classes;D:\jrebel\jrebel.jar'
setting 'java.vendor' to 'Sun Microsystems Inc.'
setting 'file.separator' to '\'
setting 'java.vendor.url.bug' to 'http://java.sun.com/cgi-bin/bugreport.cgi'
setting 'sun.io.unicode.encoding' to 'UnicodeLittle'
setting 'sun.cpu.endian' to 'little'
setting 'sun.desktop' to 'windows'
setting 'sun.cpu.isalist' to 'pentium_pro+mmx pentium_pro pentium+mmx pentium i486 i386 i86'
setting 'ivy.default.ivy.user.dir' to 'C:\Users\charliechen\.ivy2'
setting 'ivy.home' to 'C:\Users\charliechen\.ivy2'
no default ivy user dir defined: set to C:\Users\charliechen\.ivy2
setting 'ivy.cache.dir' to 'C:\Users\charliechen\.ivy2\cache'
no default cache defined: set to C:\Users\charliechen\.ivy2\cache
setting 'ivy.basedir' to 'D:\Coding\yabe-lift\project\boot'
setting 'basedir' to 'D:\Coding\yabe-lift\project\boot'
setting 'scala' to ''
:: resolving dependencies :: org.scala-tools.sbt#boot-app;1.0
	confs: [default]
	validate = true
	refresh = false
resolving dependencies for configuration 'default'
== resolving dependencies for org.scala-tools.sbt#boot-app;1.0 [default]
loadData of org.scala-tools.sbt#boot-app;1.0 of rootConf=default
== resolving dependencies org.scala-tools.sbt#boot-app;1.0->net.java.dev.jna#jna;3.2.3 [default->default(compile)]
loadData of net.java.dev.jna#jna;3.2.3 of rootConf=default
	using redefined-public to resolve net.java.dev.jna#jna;3.2.3
redefined-public: Checking cache for: dependency: net.java.dev.jna#jna;3.2.3 {default=[default(compile)]}
redefined-public: no namespace defined: using system
	no ivy file in cache for net.java.dev.jna#jna;3.2.3: tried C:\Users\charliechen\.ivy2\cache\net.java.dev.jna\jna\ivy-3.2.3.xml
redefined-public: no latest strategy defined: using default
local: no namespace defined: using system
	no ivy file in cache for net.java.dev.jna#jna;3.2.3: tried C:\Users\charliechen\.ivy2\cache\net.java.dev.jna\jna\ivy-3.2.3.xml
	 trying C:\Users\charliechen\.ivy2/local/net.java.dev.jna/jna/3.2.3/ivys/ivy.xml
		tried C:\Users\charliechen\.ivy2/local/net.java.dev.jna/jna/3.2.3/ivys/ivy.xml
	local: resource not reachable for net.java.dev.jna#jna;3.2.3: res=C:\Users\charliechen\.ivy2\local\net.java.dev.jna\jna\3.2.3\ivys\ivy.xml
	 trying C:\Users\charliechen\.ivy2/local/net.java.dev.jna/jna/3.2.3/jars/jna.jar
		tried C:\Users\charliechen\.ivy2/local/net.java.dev.jna/jna/3.2.3/jars/jna.jar
	local: resource not reachable for net.java.dev.jna#jna;3.2.3: res=C:\Users\charliechen\.ivy2\local\net.java.dev.jna\jna\3.2.3\jars\jna.jar
	local: no ivy file nor artifact found for net.java.dev.jna#jna;3.2.3
Maven2 Local: no namespace defined: using system
	no ivy file in cache for net.java.dev.jna#jna;3.2.3: tried C:\Users\charliechen\.ivy2\cache\net.java.dev.jna\jna\ivy-3.2.3.xml
	 trying file://C:\Users\charliechen/.m2/repository/net/java/dev/jna/jna/3.2.3/jna-3.2.3.pom
		tried file://C:\Users\charliechen/.m2/repository/net/java/dev/jna/jna/3.2.3/jna-3.2.3.pom
	Maven2 Local: resource not reachable for net/java/dev/jna#jna;3.2.3: res=file://C:/Users/charliechen/.m2/repository/net/java/dev/jna/jna/3.2.3/jna-3.2.3.pom
	 trying file://C:\Users\charliechen/.m2/repository/net/java/dev/jna/jna/3.2.3/jna-3.2.3.jar
		tried file://C:\Users\charliechen/.m2/repository/net/java/dev/jna/jna/3.2.3/jna-3.2.3.jar
	Maven2 Local: resource not reachable for net/java/dev/jna#jna;3.2.3: res=file://C:/Users/charliechen/.m2/repository/net/java/dev/jna/jna/3.2.3/jna-3.2.3.jar
	Maven2 Local: no ivy file nor artifact found for net.java.dev.jna#jna;3.2.3
sbt-db: no namespace defined: using system
	no ivy file in cache for net.java.dev.jna#jna;3.2.3: tried C:\Users\charliechen\.ivy2\cache\net.java.dev.jna\jna\ivy-3.2.3.xml
	 trying http://databinder.net/repo/net.java.dev.jna/jna/3.2.3/ivys/ivy.xml
		tried http://databinder.net/repo/net.java.dev.jna/jna/3.2.3/ivys/ivy.xml
HTTP response status: 404 url=http://databinder.net/repo/net.java.dev.jna/jna/3.2.3/ivys/ivy.xml
CLIENT ERROR: Not Found url=http://databinder.net/repo/net.java.dev.jna/jna/3.2.3/ivys/ivy.xml
	sbt-db: resource not reachable for net.java.dev.jna#jna;3.2.3: res=http://databinder.net/repo/net.java.dev.jna/jna/3.2.3/ivys/ivy.xml
	 trying http://databinder.net/repo/net.java.dev.jna/jna/3.2.3/jars/jna.jar
		tried http://databinder.net/repo/net.java.dev.jna/jna/3.2.3/jars/jna.jar
HTTP response status: 404 url=http://databinder.net/repo/net.java.dev.jna/jna/3.2.3/jars/jna.jar
CLIENT ERROR: Not Found url=http://databinder.net/repo/net.java.dev.jna/jna/3.2.3/jars/jna.jar
	sbt-db: resource not reachable for net.java.dev.jna#jna;3.2.3: res=http://databinder.net/repo/net.java.dev.jna/jna/3.2.3/jars/jna.jar
	sbt-db: no ivy file nor artifact found for net.java.dev.jna#jna;3.2.3
Maven Central: no namespace defined: using system
	no ivy file in cache for net.java.dev.jna#jna;3.2.3: tried C:\Users\charliechen\.ivy2\cache\net.java.dev.jna\jna\ivy-3.2.3.xml
	 trying http://repo1.maven.org/maven2/net/java/dev/jna/jna/3.2.3/jna-3.2.3.pom
		tried http://repo1.maven.org/maven2/net/java/dev/jna/jna/3.2.3/jna-3.2.3.pom
	Maven Central: found md file for net.java.dev.jna#jna;3.2.3
		=> http://repo1.maven.org/maven2/net/java/dev/jna/jna/3.2.3/jna-3.2.3.pom (3.2.3)
	parser = pom parser
	no ivy file in cache for net.java.dev.jna#jna;3.2.3: tried C:\Users\charliechen\.ivy2\cache\net.java.dev.jna\jna\ivy-3.2.3.xml
downloading http://repo1.maven.org/maven2/net/java/dev/jna/jna/3.2.3/jna-3.2.3.pom ...
	Maven Central: downloading http://repo1.maven.org/maven2/net/java/dev/jna/jna/3.2.3/jna-3.2.3.pom
		to C:\Users\charliechen\.ivy2\cache\net.java.dev.jna\jna\ivy-3.2.3.xml.original.part
	[SUCCESSFUL ] net.java.dev.jna#jna;3.2.3!jna.pom(pom.original) (589ms)
	 trying C:\Users\charliechen\.ivy2/local/net.java.dev.jna/jna/3.2.3/jars/jna.jar
		tried C:\Users\charliechen\.ivy2/local/net.java.dev.jna/jna/3.2.3/jars/jna.jar
	local: resource not reachable for net.java.dev.jna#jna;3.2.3: res=C:\Users\charliechen\.ivy2\local\net.java.dev.jna\jna\3.2.3\jars\jna.jar
	 trying file://C:\Users\charliechen/.m2/repository/net/java/dev/jna/jna/3.2.3/jna-3.2.3.jar
		tried file://C:\Users\charliechen/.m2/repository/net/java/dev/jna/jna/3.2.3/jna-3.2.3.jar
	Maven2 Local: resource not reachable for net/java/dev/jna#jna;3.2.3: res=file://C:/Users/charliechen/.m2/repository/net/java/dev/jna/jna/3.2.3/jna-3.2.3.jar
	 trying http://databinder.net/repo/net.java.dev.jna/jna/3.2.3/jars/jna.jar
		tried http://databinder.net/repo/net.java.dev.jna/jna/3.2.3/jars/jna.jar
	sbt-db: resource not reachable for net.java.dev.jna#jna;3.2.3: res=http://databinder.net/repo/net.java.dev.jna/jna/3.2.3/jars/jna.jar
	 trying http://repo1.maven.org/maven2/net/java/dev/jna/jna/3.2.3/jna-3.2.3.jar
		tried http://repo1.maven.org/maven2/net/java/dev/jna/jna/3.2.3/jna-3.2.3.jar
	 trying C:\Users\charliechen\.ivy2/local/net.java.dev.jna/jna/3.2.3/sources/jna-sources.jar
		tried C:\Users\charliechen\.ivy2/local/net.java.dev.jna/jna/3.2.3/sources/jna-sources.jar
	local: resource not reachable for net.java.dev.jna#jna;3.2.3: res=C:\Users\charliechen\.ivy2\local\net.java.dev.jna\jna\3.2.3\sources\jna-sources.jar
	 trying file://C:\Users\charliechen/.m2/repository/net/java/dev/jna/jna/3.2.3/jna-3.2.3-sources.jar
		tried file://C:\Users\charliechen/.m2/repository/net/java/dev/jna/jna/3.2.3/jna-3.2.3-sources.jar
	Maven2 Local: resource not reachable for net/java/dev/jna#jna;3.2.3: res=file://C:/Users/charliechen/.m2/repository/net/java/dev/jna/jna/3.2.3/jna-3.2.3-sources.jar
	 trying http://databinder.net/repo/net.java.dev.jna/jna/3.2.3/sources/jna-sources.jar
		tried http://databinder.net/repo/net.java.dev.jna/jna/3.2.3/sources/jna-sources.jar
HTTP response status: 404 url=http://databinder.net/repo/net.java.dev.jna/jna/3.2.3/sources/jna-sources.jar
CLIENT ERROR: Not Found url=http://databinder.net/repo/net.java.dev.jna/jna/3.2.3/sources/jna-sources.jar
	sbt-db: resource not reachable for net.java.dev.jna#jna;3.2.3: res=http://databinder.net/repo/net.java.dev.jna/jna/3.2.3/sources/jna-sources.jar
	 trying http://repo1.maven.org/maven2/net/java/dev/jna/jna/3.2.3/jna-3.2.3-sources.jar
		tried http://repo1.maven.org/maven2/net/java/dev/jna/jna/3.2.3/jna-3.2.3-sources.jar
source artifact found for net.java.dev.jna#jna;3.2.3
	 trying C:\Users\charliechen\.ivy2/local/net.java.dev.jna/jna/3.2.3/javadocs/jna-javadoc.jar
		tried C:\Users\charliechen\.ivy2/local/net.java.dev.jna/jna/3.2.3/javadocs/jna-javadoc.jar
	local: resource not reachable for net.java.dev.jna#jna;3.2.3: res=C:\Users\charliechen\.ivy2\local\net.java.dev.jna\jna\3.2.3\javadocs\jna-javadoc.jar
	 trying file://C:\Users\charliechen/.m2/repository/net/java/dev/jna/jna/3.2.3/jna-3.2.3-javadoc.jar
		tried file://C:\Users\charliechen/.m2/repository/net/java/dev/jna/jna/3.2.3/jna-3.2.3-javadoc.jar
	Maven2 Local: resource not reachable for net/java/dev/jna#jna;3.2.3: res=file://C:/Users/charliechen/.m2/repository/net/java/dev/jna/jna/3.2.3/jna-3.2.3-javadoc.jar
	 trying http://databinder.net/repo/net.java.dev.jna/jna/3.2.3/javadocs/jna-javadoc.jar
		tried http://databinder.net/repo/net.java.dev.jna/jna/3.2.3/javadocs/jna-javadoc.jar
HTTP response status: 404 url=http://databinder.net/repo/net.java.dev.jna/jna/3.2.3/javadocs/jna-javadoc.jar
CLIENT ERROR: Not Found url=http://databinder.net/repo/net.java.dev.jna/jna/3.2.3/javadocs/jna-javadoc.jar
	sbt-db: resource not reachable for net.java.dev.jna#jna;3.2.3: res=http://databinder.net/repo/net.java.dev.jna/jna/3.2.3/javadocs/jna-javadoc.jar
	 trying http://repo1.maven.org/maven2/net/java/dev/jna/jna/3.2.3/jna-3.2.3-javadoc.jar
		tried http://repo1.maven.org/maven2/net/java/dev/jna/jna/3.2.3/jna-3.2.3-javadoc.jar
HTTP response status: 404 url=http://repo1.maven.org/maven2/net/java/dev/jna/jna/3.2.3/jna-3.2.3-javadoc.jar
CLIENT ERROR: Not Found url=http://repo1.maven.org/maven2/net/java/dev/jna/jna/3.2.3/jna-3.2.3-javadoc.jar
	Maven Central: resource not reachable for net/java/dev/jna#jna;3.2.3: res=http://repo1.maven.org/maven2/net/java/dev/jna/jna/3.2.3/jna-3.2.3-javadoc.jar
Scala-Tools Maven2 Repository: no namespace defined: using system
	 trying http://scala-tools.org/repo-releases/net/java/dev/jna/jna/3.2.3/jna-3.2.3-javadoc.jar
		tried http://scala-tools.org/repo-releases/net/java/dev/jna/jna/3.2.3/jna-3.2.3-javadoc.jar
HTTP response status: 404 url=http://scala-tools.org/repo-releases/net/java/dev/jna/jna/3.2.3/jna-3.2.3-javadoc.jar
CLIENT ERROR: Not Found url=http://scala-tools.org/repo-releases/net/java/dev/jna/jna/3.2.3/jna-3.2.3-javadoc.jar
	Scala-Tools Maven2 Repository: resource not reachable for net/java/dev/jna#jna;3.2.3: res=http://scala-tools.org/repo-releases/net/java/dev/jna/jna/3.2.3/jna-3.2.3-javadoc.jar
Scala-Tools Maven2 Snapshots Repository: no namespace defined: using system
	 trying http://scala-tools.org/repo-snapshots/net/java/dev/jna/jna/3.2.3/jna-3.2.3-javadoc.jar
		tried http://scala-tools.org/repo-snapshots/net/java/dev/jna/jna/3.2.3/jna-3.2.3-javadoc.jar
HTTP response status: 404 url=http://scala-tools.org/repo-snapshots/net/java/dev/jna/jna/3.2.3/jna-3.2.3-javadoc.jar
CLIENT ERROR: Not Found url=http://scala-tools.org/repo-snapshots/net/java/dev/jna/jna/3.2.3/jna-3.2.3-javadoc.jar
	Scala-Tools Maven2 Snapshots Repository: resource not reachable for net/java/dev/jna#jna;3.2.3: res=http://scala-tools.org/repo-snapshots/net/java/dev/jna/jna/3.2.3/jna-3.2.3-javadoc.jar
no javadoc artifact found for net.java.dev.jna#jna;3.2.3
	default-cache: parsed downloaded md file for net.java.dev.jna#jna;3.2.3; parsed=net.java.dev.jna#jna;3.2.3
	checking net.java.dev.jna#jna;3.2.3 from Maven Central against [none]
	module revision kept as first found: net.java.dev.jna#jna;3.2.3 from Maven Central
	found net.java.dev.jna#jna;3.2.3 in Maven Central
== resolving dependencies org.scala-tools.sbt#boot-app;1.0->net.java.dev.jna#jna;3.2.3 [default->runtime]
loadData of net.java.dev.jna#jna;3.2.3 of rootConf=default
== resolving dependencies org.scala-tools.sbt#boot-app;1.0->net.java.dev.jna#jna;3.2.3 [default->compile]
loadData of net.java.dev.jna#jna;3.2.3 of rootConf=default
== resolving dependencies org.scala-tools.sbt#boot-app;1.0->net.java.dev.jna#jna;3.2.3 [default->master]
loadData of net.java.dev.jna#jna;3.2.3 of rootConf=default
Nbr of module to sort : 1
Sort dependencies of : net.java.dev.jna#jna;3.2.3 / Number of dependencies = 0
Sort done for : net.java.dev.jna#jna;3.2.3
	resolved ivy file produced in C:\Users\charliechen\.ivy2\cache\resolved-org.scala-tools.sbt-boot-app-1.0.xml
:: downloading artifacts ::
	 trying http://repo1.maven.org/maven2/net/java/dev/jna/jna/3.2.3/jna-3.2.3.jar
		tried http://repo1.maven.org/maven2/net/java/dev/jna/jna/3.2.3/jna-3.2.3.jar
downloading http://repo1.maven.org/maven2/net/java/dev/jna/jna/3.2.3/jna-3.2.3.jar ...
	Maven Central: downloading http://repo1.maven.org/maven2/net/java/dev/jna/jna/3.2.3/jna-3.2.3.jar
		to C:\Users\charliechen\.ivy2\cache\net.java.dev.jna\jna\jars\jna-3.2.3.jar.part
	[SUCCESSFUL ] net.java.dev.jna#jna;3.2.3!jna.jar (4713ms)
:: resolution report :: resolve 20546ms :: artifacts dl 4718ms
Nbr of module to sort : 1
Sort dependencies of : net.java.dev.jna#jna;3.2.3 / Number of dependencies = 0
Sort done for : net.java.dev.jna#jna;3.2.3
	report for org.scala-tools.sbt#boot-app;1.0 default produced in C:\Users\charliechen\.ivy2\cache\org.scala-tools.sbt-boot-app-default.xml
	resolve done (20546ms resolve - 4718ms download)
:: retrieving :: org.scala-tools.sbt#boot-app
	checkUpToDate=true
no explicit confs given for retrieve, using ivy file: C:\Users\charliechen\.ivy2\cache\resolved-org.scala-tools.sbt-boot-app-1.0.xml
using ivy parser to parse C:\Users\charliechen\.ivy2\cache\resolved-org.scala-tools.sbt-boot-app-1.0.xml
post 1.3 ivy file: using exact as default matcher
	confs: [default]
	retrieving C:\Users\charliechen\.ivy2\cache\net.java.dev.jna\jna\jars\jna-3.2.3.jar
		to D:\Coding\yabe-lift\project\boot\other\net.java.dev.jna\jna\3.2.3\jna-3.2.3.jar
	1 artifacts copied, 0 already retrieved (838kB/165ms)
	retrieve done (165ms)
